2022-06-22 09:23:36,908 get_json_test.py get_data [line:72] INFO goods_query：weapon_knife_survival_bowie
2022-06-22 09:23:36,908 get_json_test.py get_data [line:72] INFO goods_query：weapon_knife_survival_bowie
2022-06-22 09:23:38,658 get_json_test.py get_data [line:72] INFO goods_query：weapon_knife_butterfly
2022-06-22 09:23:38,658 get_json_test.py get_data [line:72] INFO goods_query：weapon_knife_butterfly
2022-06-22 09:23:40,665 get_json_test.py get_data [line:72] INFO goods_query：weapon_knife_falchion
2022-06-22 09:23:40,665 get_json_test.py get_data [line:72] INFO goods_query：weapon_knife_falchion
2022-06-22 09:23:42,658 get_json_test.py get_data [line:72] INFO goods_query：weapon_knife_flip
2022-06-22 09:23:42,658 get_json_test.py get_data [line:72] INFO goods_query：weapon_knife_flip
2022-06-22 09:23:44,634 get_json_test.py get_data [line:72] INFO goods_query：weapon_knife_gut
2022-06-22 09:23:44,634 get_json_test.py get_data [line:72] INFO goods_query：weapon_knife_gut
2022-06-22 09:23:46,369 get_json_test.py get_data [line:72] INFO goods_query：weapon_knife_tactical
2022-06-22 09:23:46,369 get_json_test.py get_data [line:72] INFO goods_query：weapon_knife_tactical
2022-06-22 09:23:48,119 get_json_test.py get_data [line:72] INFO goods_query：weapon_knife_m9_bayonet
2022-06-22 09:23:48,119 get_json_test.py get_data [line:72] INFO goods_query：weapon_knife_m9_bayonet
2022-06-22 09:23:50,104 get_json_test.py get_data [line:72] INFO goods_query：weapon_bayonet
2022-06-22 09:23:50,104 get_json_test.py get_data [line:72] INFO goods_query：weapon_bayonet
2022-06-22 09:23:52,227 get_json_test.py get_data [line:72] INFO goods_query：weapon_knife_karambit
2022-06-22 09:23:52,227 get_json_test.py get_data [line:72] INFO goods_query：weapon_knife_karambit
2022-06-22 09:23:54,214 get_json_test.py get_data [line:72] INFO goods_query：weapon_knife_push
2022-06-22 09:23:54,214 get_json_test.py get_data [line:72] INFO goods_query：weapon_knife_push
2022-06-22 09:23:55,950 get_json_test.py get_data [line:72] INFO goods_query：weapon_knife_stiletto
2022-06-22 09:23:55,950 get_json_test.py get_data [line:72] INFO goods_query：weapon_knife_stiletto
2022-06-22 09:23:57,700 get_json_test.py get_data [line:72] INFO goods_query：weapon_knife_ursus
2022-06-22 09:23:57,700 get_json_test.py get_data [line:72] INFO goods_query：weapon_knife_ursus
2022-06-22 09:23:59,426 get_json_test.py get_data [line:72] INFO goods_query：weapon_knife_gypsy_jackknife
2022-06-22 09:23:59,426 get_json_test.py get_data [line:72] INFO goods_query：weapon_knife_gypsy_jackknife
2022-06-22 09:24:01,144 get_json_test.py get_data [line:72] INFO goods_query：weapon_knife_widowmaker
2022-06-22 09:24:01,144 get_json_test.py get_data [line:72] INFO goods_query：weapon_knife_widowmaker
2022-06-22 09:24:03,098 get_json_test.py get_data [line:72] INFO goods_query：weapon_knife_css
2022-06-22 09:24:03,098 get_json_test.py get_data [line:72] INFO goods_query：weapon_knife_css
2022-06-22 09:24:04,848 get_json_test.py get_data [line:72] INFO goods_query：weapon_knife_cord
2022-06-22 09:24:04,848 get_json_test.py get_data [line:72] INFO goods_query：weapon_knife_cord
2022-06-22 09:24:06,582 get_json_test.py get_data [line:72] INFO goods_query：weapon_knife_canis
2022-06-22 09:24:06,582 get_json_test.py get_data [line:72] INFO goods_query：weapon_knife_canis
2022-06-22 09:24:08,279 get_json_test.py get_data [line:72] INFO goods_query：weapon_knife_outdoor
2022-06-22 09:24:08,279 get_json_test.py get_data [line:72] INFO goods_query：weapon_knife_outdoor
2022-06-22 09:24:10,007 get_json_test.py get_data [line:72] INFO goods_query：weapon_knife_skeleton
2022-06-22 09:24:10,007 get_json_test.py get_data [line:72] INFO goods_query：weapon_knife_skeleton
2022-06-22 09:24:11,743 get_json_test.py get_data [line:72] INFO goods_query：weapon_hkp2000
2022-06-22 09:24:11,743 get_json_test.py get_data [line:72] INFO goods_query：weapon_hkp2000
2022-06-22 09:24:13,726 get_json_test.py get_data [line:72] INFO goods_query：weapon_usp_silencer
2022-06-22 09:24:13,726 get_json_test.py get_data [line:72] INFO goods_query：weapon_usp_silencer
2022-06-22 09:24:15,993 get_json_test.py get_data [line:72] INFO goods_query：weapon_glock
2022-06-22 09:24:15,993 get_json_test.py get_data [line:72] INFO goods_query：weapon_glock
2022-06-22 09:24:18,257 get_json_test.py get_data [line:72] INFO goods_query：weapon_p250
2022-06-22 09:24:18,257 get_json_test.py get_data [line:72] INFO goods_query：weapon_p250
2022-06-22 09:24:20,500 get_json_test.py get_data [line:72] INFO goods_query：weapon_fiveseven
2022-06-22 09:24:20,500 get_json_test.py get_data [line:72] INFO goods_query：weapon_fiveseven
2022-06-22 09:24:22,743 get_json_test.py get_data [line:72] INFO goods_query：weapon_cz75a
2022-06-22 09:24:22,743 get_json_test.py get_data [line:72] INFO goods_query：weapon_cz75a
2022-06-22 09:24:24,746 get_json_test.py get_data [line:72] INFO goods_query：weapon_tec9
2022-06-22 09:24:24,746 get_json_test.py get_data [line:72] INFO goods_query：weapon_tec9
2022-06-22 09:24:26,964 get_json_test.py get_data [line:72] INFO goods_query：weapon_revolver
2022-06-22 09:24:26,964 get_json_test.py get_data [line:72] INFO goods_query：weapon_revolver
2022-06-22 09:24:28,973 get_json_test.py get_data [line:72] INFO goods_query：weapon_deagle
2022-06-22 09:24:28,973 get_json_test.py get_data [line:72] INFO goods_query：weapon_deagle
2022-06-22 09:24:31,214 get_json_test.py get_data [line:72] INFO goods_query：weapon_elite
2022-06-22 09:24:31,214 get_json_test.py get_data [line:72] INFO goods_query：weapon_elite
2022-06-22 09:24:33,200 get_json_test.py get_data [line:72] INFO goods_query：weapon_galilar
2022-06-22 09:24:33,200 get_json_test.py get_data [line:72] INFO goods_query：weapon_galilar
2022-06-22 09:24:35,453 get_json_test.py get_data [line:72] INFO goods_query：weapon_scar20
2022-06-22 09:24:35,453 get_json_test.py get_data [line:72] INFO goods_query：weapon_scar20
2022-06-22 09:24:37,421 get_json_test.py get_data [line:72] INFO goods_query：weapon_awp
2022-06-22 09:24:37,421 get_json_test.py get_data [line:72] INFO goods_query：weapon_awp
2022-06-22 09:24:39,680 get_json_test.py get_data [line:72] INFO goods_query：weapon_ak47
2022-06-22 09:24:39,680 get_json_test.py get_data [line:72] INFO goods_query：weapon_ak47
2022-06-22 09:24:42,196 get_json_test.py get_data [line:72] INFO goods_query：weapon_famas
2022-06-22 09:24:42,196 get_json_test.py get_data [line:72] INFO goods_query：weapon_famas
2022-06-22 09:24:44,187 get_json_test.py get_data [line:72] INFO goods_query：weapon_m4a1
2022-06-22 09:24:44,187 get_json_test.py get_data [line:72] INFO goods_query：weapon_m4a1
2022-06-22 09:24:46,430 get_json_test.py get_data [line:72] INFO goods_query：weapon_m4a1_silencer
2022-06-22 09:24:46,430 get_json_test.py get_data [line:72] INFO goods_query：weapon_m4a1_silencer
2022-06-22 09:24:48,657 get_json_test.py get_data [line:72] INFO goods_query：weapon_sg556
2022-06-22 09:24:48,657 get_json_test.py get_data [line:72] INFO goods_query：weapon_sg556
2022-06-22 09:24:50,921 get_json_test.py get_data [line:72] INFO goods_query：weapon_ssg08
2022-06-22 09:24:50,921 get_json_test.py get_data [line:72] INFO goods_query：weapon_ssg08
2022-06-22 09:24:52,930 get_json_test.py get_data [line:72] INFO goods_query：weapon_aug
2022-06-22 09:24:52,930 get_json_test.py get_data [line:72] INFO goods_query：weapon_aug
2022-06-22 09:24:55,132 get_json_test.py get_data [line:72] INFO goods_query：weapon_g3sg1
2022-06-22 09:24:55,132 get_json_test.py get_data [line:72] INFO goods_query：weapon_g3sg1
2022-06-22 09:24:57,148 get_json_test.py get_data [line:72] INFO goods_query：weapon_p90
2022-06-22 09:24:57,148 get_json_test.py get_data [line:72] INFO goods_query：weapon_p90
2022-06-22 09:24:59,368 get_json_test.py get_data [line:72] INFO goods_query：weapon_mac10
2022-06-22 09:24:59,368 get_json_test.py get_data [line:72] INFO goods_query：weapon_mac10
2022-06-22 09:25:01,703 get_json_test.py get_data [line:72] INFO goods_query：weapon_ump45
2022-06-22 09:25:01,703 get_json_test.py get_data [line:72] INFO goods_query：weapon_ump45
2022-06-22 09:25:03,953 get_json_test.py get_data [line:72] INFO goods_query：weapon_mp7
2022-06-22 09:25:03,953 get_json_test.py get_data [line:72] INFO goods_query：weapon_mp7
2022-06-22 09:25:05,984 get_json_test.py get_data [line:72] INFO goods_query：weapon_bizon
2022-06-22 09:25:05,984 get_json_test.py get_data [line:72] INFO goods_query：weapon_bizon
2022-06-22 09:25:07,976 get_json_test.py get_data [line:72] INFO goods_query：weapon_mp9
2022-06-22 09:25:07,976 get_json_test.py get_data [line:72] INFO goods_query：weapon_mp9
2022-06-22 09:25:09,969 get_json_test.py get_data [line:72] INFO goods_query：weapon_mp5sd
2022-06-22 09:25:09,969 get_json_test.py get_data [line:72] INFO goods_query：weapon_mp5sd
2022-06-22 09:25:11,946 get_json_test.py get_data [line:72] INFO goods_query：weapon_sawedoff
2022-06-22 09:25:11,946 get_json_test.py get_data [line:72] INFO goods_query：weapon_sawedoff
2022-06-22 09:25:13,953 get_json_test.py get_data [line:72] INFO goods_query：weapon_xm1014
2022-06-22 09:25:13,953 get_json_test.py get_data [line:72] INFO goods_query：weapon_xm1014
2022-06-22 09:25:15,960 get_json_test.py get_data [line:72] INFO goods_query：weapon_nova
2022-06-22 09:25:15,960 get_json_test.py get_data [line:72] INFO goods_query：weapon_nova
2022-06-22 09:25:17,976 get_json_test.py get_data [line:72] INFO goods_query：weapon_mag7
2022-06-22 09:25:17,976 get_json_test.py get_data [line:72] INFO goods_query：weapon_mag7
2022-06-22 09:25:19,993 get_json_test.py get_data [line:72] INFO goods_query：weapon_m249
2022-06-22 09:25:19,993 get_json_test.py get_data [line:72] INFO goods_query：weapon_m249
2022-06-22 09:25:21,726 get_json_test.py get_data [line:72] INFO goods_query：weapon_negev
2022-06-22 09:25:21,726 get_json_test.py get_data [line:72] INFO goods_query：weapon_negev
2022-06-22 09:25:23,750 get_json_test.py get_data [line:72] INFO goods_query：Specialist Gloves
2022-06-22 09:25:23,750 get_json_test.py get_data [line:72] INFO goods_query：Specialist Gloves
2022-06-22 09:25:25,493 get_json_test.py get_data [line:72] INFO goods_query：Hydra Gloves
2022-06-22 09:25:25,493 get_json_test.py get_data [line:72] INFO goods_query：Hydra Gloves
2022-06-22 09:25:27,171 get_json_test.py get_data [line:72] INFO goods_query：Driver Gloves
2022-06-22 09:25:27,171 get_json_test.py get_data [line:72] INFO goods_query：Driver Gloves
2022-06-22 09:25:28,907 get_json_test.py get_data [line:72] INFO goods_query：Moto Gloves
2022-06-22 09:25:28,907 get_json_test.py get_data [line:72] INFO goods_query：Moto Gloves
2022-06-22 09:25:30,680 get_json_test.py get_data [line:72] INFO goods_query：Sport Gloves
2022-06-22 09:25:30,680 get_json_test.py get_data [line:72] INFO goods_query：Sport Gloves
2022-06-22 09:25:32,398 get_json_test.py get_data [line:72] INFO goods_query：Hand Wraps
2022-06-22 09:25:32,398 get_json_test.py get_data [line:72] INFO goods_query：Hand Wraps
2022-06-22 09:25:34,109 get_json_test.py get_data [line:72] INFO goods_query：Bloodhound Gloves
2022-06-22 09:25:34,109 get_json_test.py get_data [line:72] INFO goods_query：Bloodhound Gloves
2022-06-22 09:25:35,812 get_json_test.py get_data [line:72] INFO goods_query：Broken Fang Gloves
2022-06-22 09:25:35,812 get_json_test.py get_data [line:72] INFO goods_query：Broken Fang Gloves
2022-06-22 09:25:45,059 get_some_goods.py get_goods_info [line:47] INFO 一共有数据：14386
2022-06-22 09:25:45,059 get_some_goods.py get_goods_info [line:47] INFO 一共有数据：14386
